[2020-09-09 23:07:58.175] [exthost] [info] extension host started
[2020-09-09 23:07:58.287] [exthost] [info] ExtensionService#_doActivateExtension vscode.debug-auto-launch {"startup":true,"extensionId":{"value":"vscode.debug-auto-launch","_lower":"vscode.debug-auto-launch"},"activationEvent":"*"}
[2020-09-09 23:07:58.296] [exthost] [info] ExtensionService#loadCommonJSModule file:///usr/lib/code/extensions/debug-auto-launch/dist/extension
[2020-09-09 23:07:58.322] [exthost] [info] ExtensionService#_doActivateExtension vscode.emmet {"startup":true,"extensionId":{"value":"vscode.emmet","_lower":"vscode.emmet"},"activationEvent":"*"}
[2020-09-09 23:07:58.323] [exthost] [info] ExtensionService#loadCommonJSModule file:///usr/lib/code/extensions/emmet/dist/node/emmetNodeMain
[2020-09-09 23:07:58.381] [exthost] [info] ExtensionService#_doActivateExtension vscode.git {"startup":true,"extensionId":{"value":"vscode.github","_lower":"vscode.github"},"activationEvent":"*"}
[2020-09-09 23:07:58.381] [exthost] [info] ExtensionService#loadCommonJSModule file:///usr/lib/code/extensions/git/dist/main
[2020-09-09 23:07:58.452] [exthost] [info] ExtensionService#_doActivateExtension vscode.github-authentication {"startup":true,"extensionId":{"value":"vscode.github-authentication","_lower":"vscode.github-authentication"},"activationEvent":"*"}
[2020-09-09 23:07:58.452] [exthost] [info] ExtensionService#loadCommonJSModule file:///usr/lib/code/extensions/github-authentication/dist/extension.js
[2020-09-09 23:07:58.473] [exthost] [info] ExtensionService#_doActivateExtension vscode.merge-conflict {"startup":true,"extensionId":{"value":"vscode.merge-conflict","_lower":"vscode.merge-conflict"},"activationEvent":"*"}
[2020-09-09 23:07:58.474] [exthost] [info] ExtensionService#loadCommonJSModule file:///usr/lib/code/extensions/merge-conflict/dist/mergeConflictMain
[2020-09-09 23:07:58.479] [exthost] [info] ExtensionService#_doActivateExtension vscode.microsoft-authentication {"startup":true,"extensionId":{"value":"vscode.microsoft-authentication","_lower":"vscode.microsoft-authentication"},"activationEvent":"*"}
[2020-09-09 23:07:58.479] [exthost] [info] ExtensionService#loadCommonJSModule file:///usr/lib/code/extensions/microsoft-authentication/dist/extension.js
[2020-09-09 23:07:58.494] [exthost] [info] ExtensionService#_doActivateExtension vscode.search-result {"startup":true,"extensionId":{"value":"vscode.search-result","_lower":"vscode.search-result"},"activationEvent":"*"}
[2020-09-09 23:07:58.494] [exthost] [info] ExtensionService#loadCommonJSModule file:///usr/lib/code/extensions/search-result/dist/extension.js
[2020-09-09 23:07:58.496] [exthost] [info] ExtensionService#_doActivateExtension vscodevim.vim {"startup":true,"extensionId":{"value":"vscodevim.vim","_lower":"vscodevim.vim"},"activationEvent":"*"}
[2020-09-09 23:07:58.496] [exthost] [info] ExtensionService#loadCommonJSModule file:///home/anyel/.vscode-oss/extensions/vscodevim.vim-1.16.0/out/extension
[2020-09-09 23:07:58.909] [exthost] [info] ExtensionService#_doActivateExtension vscode.github {"startup":true,"extensionId":{"value":"vscode.github","_lower":"vscode.github"},"activationEvent":"*"}
[2020-09-09 23:07:58.910] [exthost] [info] ExtensionService#loadCommonJSModule file:///usr/lib/code/extensions/github/dist/extension.js
[2020-09-09 23:07:59.096] [exthost] [info] eager extensions activated
[2020-09-09 23:08:07.092] [exthost] [info] ExtensionService#_doActivateExtension vscode.python {"startup":false,"extensionId":{"value":"vscode.python","_lower":"vscode.python"},"activationEvent":"onLanguage:python"}
[2020-09-09 23:08:07.092] [exthost] [info] ExtensionService#loadCommonJSModule file:///usr/lib/code/extensions/python/dist/pythonMain
[2020-09-09 23:08:23.650] [exthost] [warning] TextEditor is closed/disposed
[2020-09-09 23:08:23.650] [exthost] [warning] TextEditor is closed/disposed
