00:00:00.651254 VirtualBox GUI VM Selector Window 6.1.12 r139181 linux.amd64 (Jul 22 2020 20:05:29) release log
00:00:00.651262 Log opened 2020-09-09T16:57:10.196110000Z
00:00:00.651265 Build Type: release
00:00:00.651273 OS Product: Linux
00:00:00.651279 OS Release: 5.7.17-2-MANJARO
00:00:00.651284 OS Version: #1 SMP PREEMPT Sat Aug 22 14:58:17 UTC 2020
00:00:00.651379 DMI Product Name: HP Laptop 15-da0xxx
00:00:00.651416 DMI Product Version: Type1ProductConfigId
00:00:00.651433 Firmware type: UEFI
00:00:00.653391 Secure Boot: Disabled
00:00:00.653510 Host RAM: 7878MB (7.6GB) total, 6313MB (6.1GB) available
00:00:00.653519 Executable: /usr/lib/virtualbox/VirtualBox
00:00:00.653520 Process ID: 57851
00:00:00.653521 Package type: LINUX_64BITS_GENERIC (OSE)
00:00:00.653632 Qt version: 5.15.0
00:00:00.704452 GUI: UIMediumEnumerator: Medium-enumeration started...
00:00:01.613101 GUI: UIDesktopWidgetWatchdog::sltHandleHostScreenAvailableGeometryCalculated: Screen 1 work area is actually resized to: 961x25 x 954x1050
00:00:01.615001 GUI: UIDesktopWidgetWatchdog::sltHandleHostScreenAvailableGeometryCalculated: Screen 0 work area is actually resized to: 1x25 x 954x1050
00:00:01.636886 GUI: UIMediumEnumerator: Medium-enumeration finished!
00:05:32.552553 GUI: UIMediumEnumerator: Medium-enumeration finished!
